Determining if the pthread_create exist failed with the following output:
Change Dir: /home/rbe/RBE3002/build/CMakeFiles/CMakeTmp

Run Build Command:/usr/bin/make "cmTryCompileExec1984117801/fast"
/usr/bin/make -f CMakeFiles/cmTryCompileExec1984117801.dir/build.make CMakeFiles/cmTryCompileExec1984117801.dir/build
make[1]: Entering directory `/home/rbe/RBE3002/build/CMakeFiles/CMakeTmp'
/usr/bin/cmake -E cmake_progress_report /home/rbe/RBE3002/build/CMakeFiles/CMakeTmp/CMakeFiles 1
Building C object CMakeFiles/cmTryCompileExec1984117801.dir/CheckSymbolExists.c.o
/usr/bin/cc    -o CMakeFiles/cmTryCompileExec1984117801.dir/CheckSymbolExists.c.o   -c /home/rbe/RBE3002/build/CMakeFiles/CMakeTmp/CheckSymbolExists.c
Linking C executable cmTryCompileExec1984117801
/usr/bin/cmake -E cmake_link_script CMakeFiles/cmTryCompileExec1984117801.dir/link.txt --verbose=1
/usr/bin/cc       CMakeFiles/cmTryCompileExec1984117801.dir/CheckSymbolExists.c.o  -o cmTryCompileExec1984117801 -rdynamic 
CMakeFiles/cmTryCompileExec1984117801.dir/CheckSymbolExists.c.o: In function `main':
CheckSymbolExists.c:(.text+0x16): undefined reference to `pthread_create'
collect2: error: ld returned 1 exit status
make[1]: Leaving directory `/home/rbe/RBE3002/build/CMakeFiles/CMakeTmp'
make[1]: *** [cmTryCompileExec1984117801] Error 1
make: *** [cmTryCompileExec1984117801/fast] Error 2

File /home/rbe/RBE3002/build/CMakeFiles/CMakeTmp/CheckSymbolExists.c:
/* */
#include <pthread.h>

int main(int argc, char** argv)
{
  (void)argv;
#ifndef pthread_create
  return ((int*)(&pthread_create))[argc];
#else
  (void)argc;
  return 0;
#endif
}

Determining if the function pthread_create exists in the pthreads failed with the following output:
Change Dir: /home/rbe/RBE3002/build/CMakeFiles/CMakeTmp

Run Build Command:/usr/bin/make "cmTryCompileExec1454860986/fast"
/usr/bin/make -f CMakeFiles/cmTryCompileExec1454860986.dir/build.make CMakeFiles/cmTryCompileExec1454860986.dir/build
make[1]: Entering directory `/home/rbe/RBE3002/build/CMakeFiles/CMakeTmp'
/usr/bin/cmake -E cmake_progress_report /home/rbe/RBE3002/build/CMakeFiles/CMakeTmp/CMakeFiles 1
Building C object CMakeFiles/cmTryCompileExec1454860986.dir/CheckFunctionExists.c.o
/usr/bin/cc   -DCHECK_FUNCTION_EXISTS=pthread_create   -o CMakeFiles/cmTryCompileExec1454860986.dir/CheckFunctionExists.c.o   -c /usr/share/cmake-2.8/Modules/CheckFunctionExists.c
Linking C executable cmTryCompileExec1454860986
/usr/bin/cmake -E cmake_link_script CMakeFiles/cmTryCompileExec1454860986.dir/link.txt --verbose=1
/usr/bin/cc   -DCHECK_FUNCTION_EXISTS=pthread_create    CMakeFiles/cmTryCompileExec1454860986.dir/CheckFunctionExists.c.o  -o cmTryCompileExec1454860986 -rdynamic -lpthreads 
/usr/bin/ld: cannot find -lpthreads
collect2: error: ld returned 1 exit status
make[1]: Leaving directory `/home/rbe/RBE3002/build/CMakeFiles/CMakeTmp'
make[1]: *** [cmTryCompileExec1454860986] Error 1
make: *** [cmTryCompileExec1454860986/fast] Error 2


